0 info it worked if it ends with ok
1 verbose cli [ '/Users/bee1289/.nvm/versions/node/v5.10.1/bin/node',
1 verbose cli   '/Users/bee1289/.nvm/versions/node/v5.10.1/bin/npm',
1 verbose cli   'run',
1 verbose cli   'bundle' ]
2 info using npm@3.8.3
3 info using node@v5.10.1
4 verbose run-script [ 'prebundle', 'bundle', 'postbundle' ]
5 info lifecycle jeapordy@1.0.0~prebundle: jeapordy@1.0.0
6 silly lifecycle jeapordy@1.0.0~prebundle: no script for prebundle, continuing
7 info lifecycle jeapordy@1.0.0~bundle: jeapordy@1.0.0
8 verbose lifecycle jeapordy@1.0.0~bundle: unsafe-perm in lifecycle true
9 verbose lifecycle jeapordy@1.0.0~bundle: PATH: /Users/bee1289/.nvm/versions/node/v5.10.1/lib/node_modules/npm/bin/node-gyp-bin:/Users/bee1289/Desktop/Iron Yard/iron_yard/jeopordy/node_modules/.bin:/Users/bee1289/.nvm/versions/node/v5.10.1/bin:/Users/bee1289/.nvm/versions/node/v5.10.1/bin:/usr/local/bin:/usr/bin:/bin:/usr/sbin:/sbin
10 verbose lifecycle jeapordy@1.0.0~bundle: CWD: /Users/bee1289/Desktop/Iron Yard/iron_yard/jeopordy
11 silly lifecycle jeapordy@1.0.0~bundle: Args: [ '-c', 'browserify --entry app.module.js -o bundle.js' ]
12 silly lifecycle jeapordy@1.0.0~bundle: Returned: code: 1  signal: null
13 info lifecycle jeapordy@1.0.0~bundle: Failed to exec bundle script
14 verbose stack Error: jeapordy@1.0.0 bundle: `browserify --entry app.module.js -o bundle.js`
14 verbose stack Exit status 1
14 verbose stack     at EventEmitter.<anonymous> (/Users/bee1289/.nvm/versions/node/v5.10.1/lib/node_modules/npm/lib/utils/lifecycle.js:239:16)
14 verbose stack     at emitTwo (events.js:100:13)
14 verbose stack     at EventEmitter.emit (events.js:185:7)
14 verbose stack     at ChildProcess.<anonymous> (/Users/bee1289/.nvm/versions/node/v5.10.1/lib/node_modules/npm/lib/utils/spawn.js:24:14)
14 verbose stack     at emitTwo (events.js:100:13)
14 verbose stack     at ChildProcess.emit (events.js:185:7)
14 verbose stack     at maybeClose (internal/child_process.js:850:16)
14 verbose stack     at Process.ChildProcess._handle.onexit (internal/child_process.js:215:5)
15 verbose pkgid jeapordy@1.0.0
16 verbose cwd /Users/bee1289/Desktop/Iron Yard/iron_yard/jeopordy
17 error Darwin 15.4.0
18 error argv "/Users/bee1289/.nvm/versions/node/v5.10.1/bin/node" "/Users/bee1289/.nvm/versions/node/v5.10.1/bin/npm" "run" "bundle"
19 error node v5.10.1
20 error npm  v3.8.3
21 error code ELIFECYCLE
22 error jeapordy@1.0.0 bundle: `browserify --entry app.module.js -o bundle.js`
22 error Exit status 1
23 error Failed at the jeapordy@1.0.0 bundle script 'browserify --entry app.module.js -o bundle.js'.
23 error Make sure you have the latest version of node.js and npm installed.
23 error If you do, this is most likely a problem with the jeapordy package,
23 error not with npm itself.
23 error Tell the author that this fails on your system:
23 error     browserify --entry app.module.js -o bundle.js
23 error You can get information on how to open an issue for this project with:
23 error     npm bugs jeapordy
23 error Or if that isn't available, you can get their info via:
23 error     npm owner ls jeapordy
23 error There is likely additional logging output above.
24 verbose exit [ 1, true ]
